app/build/intermediates/manifest_merge_blame_file/debug/manifest-merger-blame-debug-report.txt
1<?xml version="1.0" encoding="utf-8"?>
2<manifest xmlns:android="http://schemas.android.com/apk/res/android"
3    package="com.cs.csnotes"
4    android:versionCode="1"
5    android:versionName="1.0" >
6
7    <uses-sdk
8        android:minSdkVersion="21"
8-->src\main\AndroidManifest.xml
9        android:targetSdkVersion="32" />
9-->src\main\AndroidManifest.xml
10
11    <uses-permission android:name="android.permission.INTERNET" />
11-->src\main\AndroidManifest.xml:4:5-67
11-->src\main\AndroidManifest.xml:4:22-64
12    <uses-permission android:name="android.permission.ACCESS_NETWORK_STATE" />
12-->src\main\AndroidManifest.xml:5:5-79
12-->src\main\AndroidManifest.xml:5:22-76
13    <uses-permission android:name="android.permission.READ_EXTERNAL_STORAGE" />
13-->src\main\AndroidManifest.xml:6:5-80
13-->src\main\AndroidManifest.xml:6:22-77
14
15    <application
15-->src\main\AndroidManifest.xml:8:5-91:19
16        android:allowBackup="true"
16-->src\main\AndroidManifest.xml:9:9-35
17        android:appComponentFactory="androidx.core.app.CoreComponentFactory"
17-->[androidx.core:core:1.7.0] AndroidManifest.xml:24:18-86
18        android:debuggable="true"
19        android:icon="@mipmap/ic_launcher"
19-->src\main\AndroidManifest.xml:10:9-43
20        android:label="@string/app_name"
20-->src\main\AndroidManifest.xml:11:9-41
21        android:roundIcon="@mipmap/ic_launcher_round"
21-->src\main\AndroidManifest.xml:12:9-54
22        android:supportsRtl="true"
22-->src\main\AndroidManifest.xml:13:9-35
23        android:testOnly="true"
24        android:theme="@style/Theme.CSNotes"
24-->src\main\AndroidManifest.xml:14:9-45
25        android:usesCleartextTraffic="true" >
25-->src\main\AndroidManifest.xml:15:9-44
26        <activity
26-->src\main\AndroidManifest.xml:16:9-20:57
27            android:name="com.cs.csnotes.about"
27-->src\main\AndroidManifest.xml:17:13-34
28            android:exported="false"
28-->src\main\AndroidManifest.xml:18:13-37
29            android:label="About"
29-->src\main\AndroidManifest.xml:19:13-34
30            android:parentActivityName="com.cs.csnotes.MainActivity" />
30-->src\main\AndroidManifest.xml:20:13-55
31        <activity
31-->src\main\AndroidManifest.xml:22:9-26:57
32            android:name="com.cs.csnotes.settings"
32-->src\main\AndroidManifest.xml:23:13-37
33            android:exported="false"
33-->src\main\AndroidManifest.xml:24:13-37
34            android:label="Settings"
34-->src\main\AndroidManifest.xml:25:13-37
35            android:parentActivityName="com.cs.csnotes.MainActivity" />
35-->src\main\AndroidManifest.xml:26:13-55
36        <activity
36-->src\main\AndroidManifest.xml:27:9-31:57
37            android:name="com.cs.csnotes.syllabus"
37-->src\main\AndroidManifest.xml:28:13-37
38            android:exported="false"
38-->src\main\AndroidManifest.xml:29:13-37
39            android:label="@string/Syllabus"
39-->src\main\AndroidManifest.xml:30:13-45
40            android:parentActivityName="com.cs.csnotes.MainActivity" />
40-->src\main\AndroidManifest.xml:31:13-55
41        <activity
41-->src\main\AndroidManifest.xml:32:9-36:63
42            android:name="com.cs.csnotes.Assignment2"
42-->src\main\AndroidManifest.xml:33:13-40
43            android:exported="false"
43-->src\main\AndroidManifest.xml:34:13-37
44            android:label="Assignment no.2"
44-->src\main\AndroidManifest.xml:35:13-44
45            android:parentActivityName="com.cs.csnotes.AssignmentActivity" />
45-->src\main\AndroidManifest.xml:36:13-61
46        <activity
46-->src\main\AndroidManifest.xml:37:9-41:63
47            android:name="com.cs.csnotes.Assignment1"
47-->src\main\AndroidManifest.xml:38:13-40
48            android:exported="false"
48-->src\main\AndroidManifest.xml:39:13-37
49            android:label="Assignment no.1"
49-->src\main\AndroidManifest.xml:40:13-44
50            android:parentActivityName="com.cs.csnotes.AssignmentActivity" />
50-->src\main\AndroidManifest.xml:41:13-61
51        <activity
51-->src\main\AndroidManifest.xml:42:9-46:57
52            android:name="com.cs.csnotes.ResourcesActivity"
52-->src\main\AndroidManifest.xml:43:13-46
53            android:exported="false"
53-->src\main\AndroidManifest.xml:44:13-37
54            android:label="Resources"
54-->src\main\AndroidManifest.xml:45:13-38
55            android:parentActivityName="com.cs.csnotes.MainActivity" />
55-->src\main\AndroidManifest.xml:46:13-55
56        <activity
56-->src\main\AndroidManifest.xml:47:9-51:58
57            android:name="com.cs.csnotes.fifthunitActivity"
57-->src\main\AndroidManifest.xml:48:13-46
58            android:exported="false"
58-->src\main\AndroidManifest.xml:49:13-37
59            android:label="UNIT 5: PHP"
59-->src\main\AndroidManifest.xml:50:13-40
60            android:parentActivityName="com.cs.csnotes.NotesActivity" />
60-->src\main\AndroidManifest.xml:51:13-56
61        <activity
61-->src\main\AndroidManifest.xml:52:9-56:58
62            android:name="com.cs.csnotes.fourthunitActivity"
62-->src\main\AndroidManifest.xml:53:13-47
63            android:exported="false"
63-->src\main\AndroidManifest.xml:54:13-37
64            android:label="UNIT 4: XML"
64-->src\main\AndroidManifest.xml:55:13-40
65            android:parentActivityName="com.cs.csnotes.NotesActivity" />
65-->src\main\AndroidManifest.xml:56:13-56
66        <activity
66-->src\main\AndroidManifest.xml:57:9-61:58
67            android:name="com.cs.csnotes.thirdunitActivity"
67-->src\main\AndroidManifest.xml:58:13-46
68            android:exported="false"
68-->src\main\AndroidManifest.xml:59:13-37
69            android:label="UNIT 3: JAVASCRIPT"
69-->src\main\AndroidManifest.xml:60:13-47
70            android:parentActivityName="com.cs.csnotes.NotesActivity" />
70-->src\main\AndroidManifest.xml:61:13-56
71        <activity
71-->src\main\AndroidManifest.xml:62:9-66:58
72            android:name="com.cs.csnotes.secondunitActivity"
72-->src\main\AndroidManifest.xml:63:13-47
73            android:exported="false"
73-->src\main\AndroidManifest.xml:64:13-37
74            android:label="UNIT 2: CSS"
74-->src\main\AndroidManifest.xml:65:13-40
75            android:parentActivityName="com.cs.csnotes.NotesActivity" />
75-->src\main\AndroidManifest.xml:66:13-56
76        <activity
76-->src\main\AndroidManifest.xml:67:9-71:57
77            android:name="com.cs.csnotes.AssignmentActivity"
77-->src\main\AndroidManifest.xml:68:13-47
78            android:exported="false"
78-->src\main\AndroidManifest.xml:69:13-37
79            android:label="Assignments"
79-->src\main\AndroidManifest.xml:70:13-40
80            android:parentActivityName="com.cs.csnotes.MainActivity" />
80-->src\main\AndroidManifest.xml:71:13-55
81        <activity
81-->src\main\AndroidManifest.xml:72:9-76:57
82            android:name="com.cs.csnotes.NotesActivity"
82-->src\main\AndroidManifest.xml:73:13-42
83            android:exported="false"
83-->src\main\AndroidManifest.xml:74:13-37
84            android:label="Notes"
84-->src\main\AndroidManifest.xml:75:13-34
85            android:parentActivityName="com.cs.csnotes.MainActivity" />
85-->src\main\AndroidManifest.xml:76:13-55
86        <activity
86-->src\main\AndroidManifest.xml:77:9-81:58
87            android:name="com.cs.csnotes.firstunitActivity"
87-->src\main\AndroidManifest.xml:78:13-46
88            android:exported="false"
88-->src\main\AndroidManifest.xml:79:13-37
89            android:label="UNIT 1: HTML"
89-->src\main\AndroidManifest.xml:80:13-41
90            android:parentActivityName="com.cs.csnotes.NotesActivity" />
90-->src\main\AndroidManifest.xml:81:13-56
91        <activity
91-->src\main\AndroidManifest.xml:82:9-90:20
92            android:name="com.cs.csnotes.MainActivity"
92-->src\main\AndroidManifest.xml:83:13-41
93            android:exported="true" >
93-->src\main\AndroidManifest.xml:84:13-36
94            <intent-filter>
94-->src\main\AndroidManifest.xml:85:13-89:29
95                <action android:name="android.intent.action.MAIN" />
95-->src\main\AndroidManifest.xml:86:17-69
95-->src\main\AndroidManifest.xml:86:25-66
96
97                <category android:name="android.intent.category.LAUNCHER" />
97-->src\main\AndroidManifest.xml:88:17-77
97-->src\main\AndroidManifest.xml:88:27-74
98            </intent-filter>
99        </activity>
100
101        <provider
101-->[androidx.emoji2:emoji2:1.0.0] AndroidManifest.xml:26:9-34:20
102            android:name="androidx.startup.InitializationProvider"
102-->[androidx.emoji2:emoji2:1.0.0] AndroidManifest.xml:27:13-67
103            android:authorities="com.cs.csnotes.androidx-startup"
103-->[androidx.emoji2:emoji2:1.0.0] AndroidManifest.xml:28:13-68
104            android:exported="false" >
104-->[androidx.emoji2:emoji2:1.0.0] AndroidManifest.xml:29:13-37
105            <meta-data
105-->[androidx.emoji2:emoji2:1.0.0] AndroidManifest.xml:31:13-33:52
106                android:name="androidx.emoji2.text.EmojiCompatInitializer"
106-->[androidx.emoji2:emoji2:1.0.0] AndroidManifest.xml:32:17-75
107                android:value="androidx.startup" />
107-->[androidx.emoji2:emoji2:1.0.0] AndroidManifest.xml:33:17-49
108            <meta-data
108-->[androidx.lifecycle:lifecycle-process:2.4.0] AndroidManifest.xml:31:13-33:52
109                android:name="androidx.lifecycle.ProcessLifecycleInitializer"
109-->[androidx.lifecycle:lifecycle-process:2.4.0] AndroidManifest.xml:32:17-78
110                android:value="androidx.startup" />
110-->[androidx.lifecycle:lifecycle-process:2.4.0] AndroidManifest.xml:33:17-49
111        </provider>
112
113        <uses-library
113-->[androidx.window:window:1.0.0] AndroidManifest.xml:25:9-27:40
114            android:name="androidx.window.extensions"
114-->[androidx.window:window:1.0.0] AndroidManifest.xml:26:13-54
115            android:required="false" />
115-->[androidx.window:window:1.0.0] AndroidManifest.xml:27:13-37
116        <uses-library
116-->[androidx.window:window:1.0.0] AndroidManifest.xml:28:9-30:40
117            android:name="androidx.window.sidecar"
117-->[androidx.window:window:1.0.0] AndroidManifest.xml:29:13-51
118            android:required="false" />
118-->[androidx.window:window:1.0.0] AndroidManifest.xml:30:13-37
119    </application>
120
121</manifest>